Flow report for JuliaSetVisualizer
Fri Dec  9 21:00:44 2022
Quartus Prime Version 19.1.0 Build 670 09/22/2019 SJ Standard Edition


---------------------
; Table of Contents ;
---------------------
  1. Legal Notice
  2. Flow Summary
  3. Flow Settings
  4. Flow Non-Default Global Settings
  5. Flow Elapsed Time
  6. Flow OS Summary
  7. Flow Log
  8. Flow Messages
  9. Flow Suppressed Messages



----------------
; Legal Notice ;
----------------
Copyright (C) 2019  Intel Corporation. All rights reserved.
Your use of Intel Corporation's design tools, logic functions 
and other software and tools, and any partner logic 
functions, and any output files from any of the foregoing 
(including device programming or simulation files), and any 
associated documentation or information are expressly subject 
to the terms and conditions of the Intel Program License 
Subscription Agreement, the Intel Quartus Prime License Agreement,
the Intel FPGA IP License Agreement, or other applicable license
agreement, including, without limitation, that your use is for
the sole purpose of programming logic devices manufactured by
Intel and sold by Intel or its authorized distributors.  Please
refer to the applicable agreement for further details, at
https://fpgasoftware.intel.com/eula.



+--------------------------------------------------------------------------------------+
; Flow Summary                                                                         ;
+------------------------------------+-------------------------------------------------+
; Flow Status                        ; Successful - Fri Dec  9 21:00:44 2022           ;
; Quartus Prime Version              ; 19.1.0 Build 670 09/22/2019 SJ Standard Edition ;
; Revision Name                      ; JuliaSetVisualizer                              ;
; Top-level Entity Name              ; visualizer_top                                  ;
; Family                             ; MAX 10                                          ;
; Device                             ; 10M50DAF484C7G                                  ;
; Timing Models                      ; Final                                           ;
; Total logic elements               ; 8,644 / 49,760 ( 17 % )                         ;
;     Total combinational functions  ; 7,116 / 49,760 ( 14 % )                         ;
;     Dedicated logic registers      ; 4,682 / 49,760 ( 9 % )                          ;
; Total registers                    ; 4724                                            ;
; Total pins                         ; 140 / 360 ( 39 % )                              ;
; Total virtual pins                 ; 0                                               ;
; Total memory bits                  ; 324,352 / 1,677,312 ( 19 % )                    ;
; Embedded Multiplier 9-bit elements ; 6 / 288 ( 2 % )                                 ;
; Total PLLs                         ; 1 / 4 ( 25 % )                                  ;
; UFM blocks                         ; 1 / 1 ( 100 % )                                 ;
; ADC blocks                         ; 0 / 2 ( 0 % )                                   ;
+------------------------------------+-------------------------------------------------+


+-----------------------------------------+
; Flow Settings                           ;
+-------------------+---------------------+
; Option            ; Setting             ;
+-------------------+---------------------+
; Start date & time ; 12/09/2022 20:58:36 ;
; Main task         ; Compilation         ;
; Revision Name     ; JuliaSetVisualizer  ;
+-------------------+---------------------+


+-----------------------------------------------------------------------------------------------------------------------------------------------------------------------------------------------------------+
; Flow Non-Default Global Settings                                                                                                                                                                          ;
+-------------------------------------+--------------------------------------------------------------------------------------+--------------------+---------------------+-----------------------------------+
; Assignment Name                     ; Value                                                                                ; Default Value      ; Entity Name         ; Section Id                        ;
+-------------------------------------+--------------------------------------------------------------------------------------+--------------------+---------------------+-----------------------------------+
; COMPILER_SIGNATURE_ID               ; 225373656116316.167064111629623                                                      ; --                 ; --                  ; --                                ;
; EDA_GENERATE_FUNCTIONAL_NETLIST     ; Off                                                                                  ; --                 ; --                  ; eda_board_design_timing           ;
; EDA_GENERATE_FUNCTIONAL_NETLIST     ; Off                                                                                  ; --                 ; --                  ; eda_board_design_boundary_scan    ;
; EDA_GENERATE_FUNCTIONAL_NETLIST     ; Off                                                                                  ; --                 ; --                  ; eda_board_design_signal_integrity ;
; EDA_GENERATE_FUNCTIONAL_NETLIST     ; Off                                                                                  ; --                 ; --                  ; eda_board_design_symbol           ;
; EDA_OUTPUT_DATA_FORMAT              ; Systemverilog Hdl                                                                    ; --                 ; --                  ; eda_simulation                    ;
; EDA_SIMULATION_TOOL                 ; ModelSim-Altera (SystemVerilog)                                                      ; <None>             ; --                  ; --                                ;
; EDA_TIME_SCALE                      ; 1 ps                                                                                 ; --                 ; --                  ; eda_simulation                    ;
; ENABLE_SIGNALTAP                    ; On                                                                                   ; --                 ; --                  ; --                                ;
; MAX_CORE_JUNCTION_TEMP              ; 85                                                                                   ; --                 ; --                  ; --                                ;
; MESSAGE_DISABLE                     ; 332060                                                                               ; --                 ; altera_onchip_flash ; --                                ;
; MIN_CORE_JUNCTION_TEMP              ; 0                                                                                    ; --                 ; --                  ; --                                ;
; MISC_FILE                           ; jsv/synthesis/../jsv.cmp                                                             ; --                 ; --                  ; --                                ;
; MISC_FILE                           ; jsv/synthesis/../../jsv.qsys                                                         ; --                 ; --                  ; --                                ;
; MISC_FILE                           ; jsv_sdram/synthesis/../jsv_sdram.cmp                                                 ; --                 ; --                  ; --                                ;
; MISC_FILE                           ; jsv_sdram/synthesis/../../jsv_sdram.qsys                                             ; --                 ; --                  ; --                                ;
; MISC_FILE                           ; ocm_bb.v                                                                             ; --                 ; --                  ; --                                ;
; PARTITION_COLOR                     ; -- (Not supported for targeted family)                                               ; --                 ; DE10_LITE_Default   ; Top                               ;
; PARTITION_COLOR                     ; -- (Not supported for targeted family)                                               ; --                 ; visualizer_top      ; Top                               ;
; PARTITION_FITTER_PRESERVATION_LEVEL ; -- (Not supported for targeted family)                                               ; --                 ; DE10_LITE_Default   ; Top                               ;
; PARTITION_FITTER_PRESERVATION_LEVEL ; -- (Not supported for targeted family)                                               ; --                 ; visualizer_top      ; Top                               ;
; PARTITION_NETLIST_TYPE              ; -- (Not supported for targeted family)                                               ; --                 ; DE10_LITE_Default   ; Top                               ;
; PARTITION_NETLIST_TYPE              ; -- (Not supported for targeted family)                                               ; --                 ; visualizer_top      ; Top                               ;
; POWER_BOARD_THERMAL_MODEL           ; None (CONSERVATIVE)                                                                  ; --                 ; --                  ; --                                ;
; POWER_PRESET_COOLING_SOLUTION       ; 23 MM HEAT SINK WITH 200 LFPM AIRFLOW                                                ; --                 ; --                  ; --                                ;
; PROJECT_OUTPUT_DIRECTORY            ; output_files                                                                         ; --                 ; --                  ; --                                ;
; SLD_FILE                            ; jsv/synthesis/jsv.regmap                                                             ; --                 ; --                  ; --                                ;
; SLD_FILE                            ; jsv/synthesis/jsv.debuginfo                                                          ; --                 ; --                  ; --                                ;
; SLD_FILE                            ; jsv_sdram/synthesis/jsv_sdram.debuginfo                                              ; --                 ; --                  ; --                                ;
; SLD_FILE                            ; db/stp1_auto_stripped.stp                                                            ; --                 ; --                  ; --                                ;
; SLD_INFO                            ; QSYS_NAME jsv HAS_SOPCINFO 1 GENERATION_ID 1670504187                                ; --                 ; jsv                 ; --                                ;
; SLD_INFO                            ; QSYS_NAME jsv_sdram HAS_SOPCINFO 1 GENERATION_ID 1669421872                          ; --                 ; jsv_sdram           ; --                                ;
; SLD_NODE_CREATOR_ID                 ; 110                                                                                  ; --                 ; --                  ; auto_signaltap_0                  ;
; SLD_NODE_ENTITY_NAME                ; sld_signaltap                                                                        ; --                 ; --                  ; auto_signaltap_0                  ;
; SLD_NODE_PARAMETER_ASSIGNMENT       ; SLD_RAM_BLOCK_TYPE=AUTO                                                              ; --                 ; --                  ; auto_signaltap_0                  ;
; SLD_NODE_PARAMETER_ASSIGNMENT       ; SLD_NODE_INFO=805334528                                                              ; --                 ; --                  ; auto_signaltap_0                  ;
; SLD_NODE_PARAMETER_ASSIGNMENT       ; SLD_POWER_UP_TRIGGER=0                                                               ; --                 ; --                  ; auto_signaltap_0                  ;
; SLD_NODE_PARAMETER_ASSIGNMENT       ; SLD_STORAGE_QUALIFIER_INVERSION_MASK_LENGTH=0                                        ; --                 ; --                  ; auto_signaltap_0                  ;
; SLD_NODE_PARAMETER_ASSIGNMENT       ; SLD_SEGMENT_SIZE=128                                                                 ; --                 ; --                  ; auto_signaltap_0                  ;
; SLD_NODE_PARAMETER_ASSIGNMENT       ; SLD_ATTRIBUTE_MEM_MODE=OFF                                                           ; --                 ; --                  ; auto_signaltap_0                  ;
; SLD_NODE_PARAMETER_ASSIGNMENT       ; SLD_STATE_FLOW_USE_GENERATED=0                                                       ; --                 ; --                  ; auto_signaltap_0                  ;
; SLD_NODE_PARAMETER_ASSIGNMENT       ; SLD_STATE_BITS=11                                                                    ; --                 ; --                  ; auto_signaltap_0                  ;
; SLD_NODE_PARAMETER_ASSIGNMENT       ; SLD_BUFFER_FULL_STOP=1                                                               ; --                 ; --                  ; auto_signaltap_0                  ;
; SLD_NODE_PARAMETER_ASSIGNMENT       ; SLD_CURRENT_RESOURCE_WIDTH=1                                                         ; --                 ; --                  ; auto_signaltap_0                  ;
; SLD_NODE_PARAMETER_ASSIGNMENT       ; SLD_INCREMENTAL_ROUTING=1                                                            ; --                 ; --                  ; auto_signaltap_0                  ;
; SLD_NODE_PARAMETER_ASSIGNMENT       ; SLD_TRIGGER_LEVEL=1                                                                  ; --                 ; --                  ; auto_signaltap_0                  ;
; SLD_NODE_PARAMETER_ASSIGNMENT       ; SLD_SAMPLE_DEPTH=128                                                                 ; --                 ; --                  ; auto_signaltap_0                  ;
; SLD_NODE_PARAMETER_ASSIGNMENT       ; SLD_TRIGGER_IN_ENABLED=0                                                             ; --                 ; --                  ; auto_signaltap_0                  ;
; SLD_NODE_PARAMETER_ASSIGNMENT       ; SLD_TRIGGER_PIPELINE=0                                                               ; --                 ; --                  ; auto_signaltap_0                  ;
; SLD_NODE_PARAMETER_ASSIGNMENT       ; SLD_RAM_PIPELINE=0                                                                   ; --                 ; --                  ; auto_signaltap_0                  ;
; SLD_NODE_PARAMETER_ASSIGNMENT       ; SLD_COUNTER_PIPELINE=0                                                               ; --                 ; --                  ; auto_signaltap_0                  ;
; SLD_NODE_PARAMETER_ASSIGNMENT       ; SLD_TRIGGER_LEVEL_PIPELINE=1                                                         ; --                 ; --                  ; auto_signaltap_0                  ;
; SLD_NODE_PARAMETER_ASSIGNMENT       ; SLD_DATA_BITS=142                                                                    ; --                 ; --                  ; auto_signaltap_0                  ;
; SLD_NODE_PARAMETER_ASSIGNMENT       ; SLD_TRIGGER_BITS=142                                                                 ; --                 ; --                  ; auto_signaltap_0                  ;
; SLD_NODE_PARAMETER_ASSIGNMENT       ; SLD_STORAGE_QUALIFIER_BITS=142                                                       ; --                 ; --                  ; auto_signaltap_0                  ;
; SLD_NODE_PARAMETER_ASSIGNMENT       ; SLD_INVERSION_MASK=000000000000000000000                                             ; --                 ; --                  ; auto_signaltap_0                  ;
; SLD_NODE_PARAMETER_ASSIGNMENT       ; SLD_INVERSION_MASK_LENGTH=21                                                         ; --                 ; --                  ; auto_signaltap_0                  ;
; SLD_NODE_PARAMETER_ASSIGNMENT       ; SLD_ADVANCED_TRIGGER_ENTITY=sld_reserved_JuliaSetVisualizer_auto_signaltap_0_1_bf6d, ; --                 ; --                  ; auto_signaltap_0                  ;
; SLD_NODE_PARAMETER_ASSIGNMENT       ; SLD_ENABLE_ADVANCED_TRIGGER=1                                                        ; --                 ; --                  ; auto_signaltap_0                  ;
; SOPCINFO_FILE                       ; jsv/synthesis/../../jsv.sopcinfo                                                     ; --                 ; --                  ; --                                ;
; SOPCINFO_FILE                       ; jsv_sdram/synthesis/../../jsv_sdram.sopcinfo                                         ; --                 ; --                  ; --                                ;
; SYNTHESIS_ONLY_QIP                  ; On                                                                                   ; --                 ; --                  ; --                                ;
; SYNTHESIS_ONLY_QIP                  ; On                                                                                   ; --                 ; --                  ; --                                ;
; TOP_LEVEL_ENTITY                    ; visualizer_top                                                                       ; JuliaSetVisualizer ; --                  ; --                                ;
; USE_SIGNALTAP_FILE                  ; output_files/stp1.stp                                                                ; --                 ; --                  ; --                                ;
+-------------------------------------+--------------------------------------------------------------------------------------+--------------------+---------------------+-----------------------------------+


+--------------------------------------------------------------------------------------------------------------------------+
; Flow Elapsed Time                                                                                                        ;
+----------------------+--------------+-------------------------+---------------------+------------------------------------+
; Module Name          ; Elapsed Time ; Average Processors Used ; Peak Virtual Memory ; Total CPU Time (on all processors) ;
+----------------------+--------------+-------------------------+---------------------+------------------------------------+
; Analysis & Synthesis ; 00:00:53     ; 1.0                     ; 1250 MB             ; 00:01:13                           ;
; Fitter               ; 00:00:51     ; 1.4                     ; 1799 MB             ; 00:01:36                           ;
; Assembler            ; 00:00:05     ; 1.0                     ; 855 MB              ; 00:00:04                           ;
; Timing Analyzer      ; 00:00:08     ; 2.2                     ; 998 MB              ; 00:00:15                           ;
; EDA Netlist Writer   ; 00:00:04     ; 1.0                     ; 1132 MB             ; 00:00:04                           ;
; Total                ; 00:02:01     ; --                      ; --                  ; 00:03:12                           ;
+----------------------+--------------+-------------------------+---------------------+------------------------------------+


+------------------------------------------------------------------------------------------------+
; Flow OS Summary                                                                                ;
+----------------------+--------------------------+----------------+------------+----------------+
; Module Name          ; Machine Hostname         ; OS Name        ; OS Version ; Processor type ;
+----------------------+--------------------------+----------------+------------+----------------+
; Analysis & Synthesis ; ajinusnlch-ThinkPad-X390 ; Ubuntu 22.04.1 ; 22         ; x86_64         ;
; Fitter               ; ajinusnlch-ThinkPad-X390 ; Ubuntu 22.04.1 ; 22         ; x86_64         ;
; Assembler            ; ajinusnlch-ThinkPad-X390 ; Ubuntu 22.04.1 ; 22         ; x86_64         ;
; Timing Analyzer      ; ajinusnlch-ThinkPad-X390 ; Ubuntu 22.04.1 ; 22         ; x86_64         ;
; EDA Netlist Writer   ; ajinusnlch-ThinkPad-X390 ; Ubuntu 22.04.1 ; 22         ; x86_64         ;
+----------------------+--------------------------+----------------+------------+----------------+


------------
; Flow Log ;
------------
quartus_map --read_settings_files=on --write_settings_files=off JuliaSetVisualizer -c JuliaSetVisualizer
quartus_fit --read_settings_files=off --write_settings_files=off JuliaSetVisualizer -c JuliaSetVisualizer
quartus_asm --read_settings_files=off --write_settings_files=off JuliaSetVisualizer -c JuliaSetVisualizer
quartus_sta JuliaSetVisualizer -c JuliaSetVisualizer
quartus_eda --read_settings_files=off --write_settings_files=off JuliaSetVisualizer -c JuliaSetVisualizer



